2016-06-29 14:29:05,094-log	-DEBUG	-1
2016-06-29 14:29:43,716-log	-DEBUG	-1
2016-06-29 14:29:44,424-log	-DEBUG	-1
2016-06-29 14:30:13,254-log	-DEBUG	-1
2016-06-29 14:30:13,254-log	-DEBUG	-true
2016-06-29 14:30:39,111-log	-DEBUG	-1
2016-06-29 14:30:39,111-log	-DEBUG	-true
2016-06-29 14:30:39,327-log	-DEBUG	-1
2016-06-29 14:30:39,327-log	-DEBUG	-true
2016-06-29 14:30:39,573-log	-DEBUG	-1
2016-06-29 14:30:39,573-log	-DEBUG	-true
2016-06-29 14:30:39,821-log	-DEBUG	-1
2016-06-29 14:30:39,821-log	-DEBUG	-true
2016-06-29 14:30:40,082-log	-DEBUG	-1
2016-06-29 14:30:40,082-log	-DEBUG	-true
2016-06-29 14:31:51,564-log	-DEBUG	-1
2016-06-29 14:31:51,564-log	-DEBUG	-true
2016-06-29 14:31:52,091-log	-DEBUG	-1
2016-06-29 14:31:52,091-log	-DEBUG	-true
2016-06-29 14:31:52,267-log	-DEBUG	-1
2016-06-29 14:31:52,267-log	-DEBUG	-true
2016-06-29 14:31:52,453-log	-DEBUG	-1
2016-06-29 14:31:52,453-log	-DEBUG	-true
2016-06-29 14:32:34,788-log	-DEBUG	-True
2016-06-29 14:32:34,945-log	-DEBUG	-True
2016-06-29 14:32:43,659-log	-DEBUG	-isearthquake: False
2016-06-29 14:32:44,131-log	-DEBUG	-isearthquake: False
2016-06-29 14:33:16,347-log	-DEBUG	-isearthquake: True
2016-06-29 14:33:16,957-log	-DEBUG	-isearthquake: True
2016-06-29 14:33:17,305-log	-DEBUG	-isearthquake: True
2016-06-29 14:34:06,579-log	-DEBUG	-isearthquake: False
2016-06-29 14:34:07,273-log	-DEBUG	-isearthquake: False
2016-06-29 14:34:09,394-log	-DEBUG	-True
2016-06-29 14:34:11,163-log	-DEBUG	-isearthquake: True
2016-06-29 14:34:15,301-log	-DEBUG	-False
2016-06-29 14:34:17,656-log	-DEBUG	-isearthquake: False
